<?xml version="1.0" encoding="UTF-8"?>
<!-- Generated by org.testng.reporters.JUnitReportReporter -->
<testsuite hostname="Jatin" failures="0" tests="2" name="TestNG.AllAnnotations" time="0.017" errors="0" timestamp="2023-07-21T00:50:46 IST" skipped="0">
  <testcase classname="TestNG.AllAnnotations" name="Mytest1" time="0.009"/>
  <system-out/>
  <testcase classname="TestNG.AllAnnotations" name="MyTest2" time="0.008"/>
  <system-out/>
</testsuite> <!-- TestNG.AllAnnotations -->
