<?xml version="1.0" encoding="UTF-8"?>
<!-- Generated by org.testng.reporters.JUnitReportReporter -->
<testsuite hostname="Jatin" failures="0" tests="3" name="TestNG.UsingGroupwise" time="0.024" errors="0" timestamp="2023-07-21T00:58:49 IST" skipped="0">
  <testcase classname="TestNG.UsingGroupwise" name="homepage" time="0.004"/>
  <system-out/>
  <testcase classname="TestNG.UsingGroupwise" name="bookingpage" time="0.017"/>
  <system-out/>
  <testcase classname="TestNG.UsingGroupwise" name="loginpage" time="0.003"/>
  <system-out/>
</testsuite> <!-- TestNG.UsingGroupwise -->
