<?xml version="1.0" encoding="UTF-8"?>
<!-- Generated by org.testng.reporters.JUnitReportReporter -->
<testsuite hostname="Jatin" failures="0" tests="2" name="TestNG.BeforM_AfterM" time="11.697" errors="0" timestamp="2023-07-21T00:50:46 IST" skipped="0">
  <testcase classname="TestNG.BeforM_AfterM" name="InvalidLogin" time="4.221"/>
  <system-out/>
  <testcase classname="TestNG.BeforM_AfterM" name="ValidLogin" time="7.476"/>
  <system-out/>
</testsuite> <!-- TestNG.BeforM_AfterM -->
