<?xml version="1.0" encoding="UTF-8"?>
<!-- Generated by org.testng.reporters.JUnitReportReporter -->
<testsuite hostname="Jatin" failures="0" tests="3" name="TestNG.usingGroupwise2" time="0.015" errors="0" timestamp="2023-07-21T00:58:49 IST" skipped="0">
  <testcase classname="TestNG.usingGroupwise2" name="Verifytitle" time="0.005"/>
  <system-out/>
  <testcase classname="TestNG.usingGroupwise2" name="checkLogin" time="0.008"/>
  <system-out/>
  <testcase classname="TestNG.usingGroupwise2" name="VerifyURL" time="0.002"/>
  <system-out/>
</testsuite> <!-- TestNG.usingGroupwise2 -->
