<?xml version="1.0" encoding="UTF-8"?>
<!-- Generated by org.testng.reporters.JUnitReportReporter -->
<testsuite hostname="Jatin" failures="0" tests="5" name="TestNG.UsingdependsOnMethod" time="0.013" errors="0" timestamp="2023-07-21T00:50:46 IST" skipped="1">
  <testcase classname="TestNG.UsingdependsOnMethod" name="homepage" time="0.002"/>
  <system-out/>
  <testcase classname="TestNG.UsingdependsOnMethod" name="bookingpage" time="0.003"/>
  <system-out/>
  <testcase classname="TestNG.UsingdependsOnMethod" name="paymentpage" time="0.002"/>
  <system-out/>
  <testcase classname="TestNG.UsingdependsOnMethod" name="loginpage" time="0.006"/>
  <system-out/>
  <testcase classname="TestNG.UsingdependsOnMethod" name="searchpage">
    <skipped/>
  </testcase> <!-- searchpage -->
  <system-out/>
</testsuite> <!-- TestNG.UsingdependsOnMethod -->
