<?xml version="1.0" encoding="UTF-8"?>
<!-- Generated by org.testng.reporters.JUnitReportReporter -->
<testsuite hostname="Jatin" failures="0" tests="3" name="TestNG.TestNG1" time="0.021" errors="0" timestamp="2023-07-21T00:50:46 IST" skipped="0">
  <testcase classname="TestNG.TestNG1" name="homepage" time="0.011"/>
  <system-out/>
  <testcase classname="TestNG.TestNG1" name="login" time="0.004"/>
  <system-out/>
  <testcase classname="TestNG.TestNG1" name="searchpage" time="0.006"/>
  <system-out/>
</testsuite> <!-- TestNG.TestNG1 -->
