<?xml version="1.0" encoding="UTF-8"?>
<!-- Generated by org.testng.reporters.JUnitReportReporter -->
<testsuite hostname="Jatin" failures="0" tests="5" name="TestNG.UsingSuitfile" time="0.027" errors="0" timestamp="2023-07-27T01:46:12 IST" skipped="0">
  <testcase classname="TestNG.UsingSuitfile" name="paymentpage" time="0.003"/>
  <system-out/>
  <testcase classname="TestNG.UsingSuitfile" name="bookingpage" time="0.002"/>
  <system-out/>
  <testcase classname="TestNG.UsingSuitfile" name="loginpage" time="0.002"/>
  <system-out/>
  <testcase classname="TestNG.UsingSuitfile" name="homepage" time="0.018"/>
  <system-out/>
  <testcase classname="TestNG.UsingSuitfile" name="searchpage" time="0.002"/>
  <system-out/>
</testsuite> <!-- TestNG.UsingSuitfile -->
